<?xml version="1.0" encoding="UTF-8"?>
<testsuite name="enhancedLibrary.web.ControllerTest" tests="1" skipped="0" failures="0" errors="0" timestamp="2021-05-27T06:16:28" hostname="DESKTOP-5DDHBRT" time="0.473">
  <properties/>
  <testcase name="getBookContent" classname="enhancedLibrary.web.ControllerTest" time="0.473"/>
  <system-out><![CDATA[15:16:15.672 [Test worker] DEBUG org.springframework.test.context.junit4.SpringJUnit4ClassRunner - SpringJUnit4ClassRunner constructor called with [class enhancedLibrary.web.ControllerTest]
15:16:15.693 [Test worker] DEBUG org.springframework.test.context.BootstrapUtils - Instantiating CacheAwareContextLoaderDelegate from class [org.springframework.test.context.cache.DefaultCacheAwareContextLoaderDelegate]
15:16:15.720 [Test worker] DEBUG org.springframework.test.context.BootstrapUtils - Instantiating BootstrapContext using constructor [public org.springframework.test.context.support.DefaultBootstrapContext(java.lang.Class,org.springframework.test.context.CacheAwareContextLoaderDelegate)]
15:16:15.758 [Test worker] DEBUG org.springframework.test.context.BootstrapUtils - Instantiating TestContextBootstrapper for test class [enhancedLibrary.web.ControllerTest] from class [org.springframework.boot.test.context.SpringBootTestContextBootstrapper]
15:16:15.784 [Test worker] INFO org.springframework.boot.test.context.SpringBootTestContextBootstrapper - Neither @ContextConfiguration nor @ContextHierarchy found for test class [enhancedLibrary.web.ControllerTest], using SpringBootContextLoader
15:16:15.791 [Test worker] DEBUG org.springframework.test.context.support.AbstractContextLoader - Did not detect default resource location for test class [enhancedLibrary.web.ControllerTest]: class path resource [enhancedLibrary/web/ControllerTest-context.xml] does not exist
15:16:15.792 [Test worker] DEBUG org.springframework.test.context.support.AbstractContextLoader - Did not detect default resource location for test class [enhancedLibrary.web.ControllerTest]: class path resource [enhancedLibrary/web/ControllerTestContext.groovy] does not exist
15:16:15.793 [Test worker] INFO org.springframework.test.context.support.AbstractContextLoader - Could not detect default resource locations for test class [enhancedLibrary.web.ControllerTest]: no resource found for suffixes {-context.xml, Context.groovy}.
15:16:15.796 [Test worker] INFO org.springframework.test.context.support.AnnotationConfigContextLoaderUtils - Could not detect default configuration classes for test class [enhancedLibrary.web.ControllerTest]: ControllerTest does not declare any static, non-private, non-final, nested classes annotated with @Configuration.
15:16:15.889 [Test worker] DEBUG org.springframework.test.context.support.ActiveProfilesUtils - Could not find an 'annotation declaring class' for annotation type [org.springframework.test.context.ActiveProfiles] and class [enhancedLibrary.web.ControllerTest]
15:16:16.042 [Test worker] DEBUG org.springframework.context.annotation.ClassPathScanningCandidateComponentProvider - Identified candidate component class: file [C:\Users\문법식\Desktop\개인공부\GitKraken\enhanced-library\build\classes\java\main\enhancedLibrary\Application.class]
15:16:16.044 [Test worker] INFO org.springframework.boot.test.context.SpringBootTestContextBootstrapper - Found @SpringBootConfiguration enhancedLibrary.Application for test class enhancedLibrary.web.ControllerTest
15:16:16.252 [Test worker] DEBUG org.springframework.boot.test.context.SpringBootTestContextBootstrapper - @TestExecutionListeners is not present for class [enhancedLibrary.web.ControllerTest]: using defaults.
15:16:16.254 [Test worker] INFO org.springframework.boot.test.context.SpringBootTestContextBootstrapper - Loaded default TestExecutionListener class names from location [META-INF/spring.factories]: [org.springframework.boot.test.autoconfigure.restdocs.RestDocsTestExecutionListener, org.springframework.boot.test.autoconfigure.web.client.MockRestServiceServerResetTestExecutionListener, org.springframework.boot.test.autoconfigure.web.servlet.MockMvcPrintOnlyOnFailureTestExecutionListener, org.springframework.boot.test.autoconfigure.web.servlet.WebDriverTestExecutionListener, org.springframework.boot.test.mock.mockito.MockitoTestExecutionListener, org.springframework.boot.test.mock.mockito.ResetMocksTestExecutionListener, org.springframework.test.context.web.ServletTestExecutionListener, org.springframework.test.context.support.DirtiesContextBeforeModesTestExecutionListener, org.springframework.test.context.support.DependencyInjectionTestExecutionListener, org.springframework.test.context.support.DirtiesContextTestExecutionListener, org.springframework.test.context.transaction.TransactionalTestExecutionListener, org.springframework.test.context.jdbc.SqlScriptsTestExecutionListener]
15:16:16.303 [Test worker] INFO org.springframework.boot.test.context.SpringBootTestContextBootstrapper - Using TestExecutionListeners: [org.springframework.test.context.web.ServletTestExecutionListener@71c3afff, org.springframework.test.context.support.DirtiesContextBeforeModesTestExecutionListener@526a8e52, org.springframework.boot.test.mock.mockito.MockitoTestExecutionListener@40cd24b8, org.springframework.boot.test.autoconfigure.SpringBootDependencyInjectionTestExecutionListener@7b2d970a, org.springframework.test.context.support.DirtiesContextTestExecutionListener@177d63c7, org.springframework.test.context.transaction.TransactionalTestExecutionListener@11e36764, org.springframework.test.context.jdbc.SqlScriptsTestExecutionListener@38227904, org.springframework.boot.test.autoconfigure.restdocs.RestDocsTestExecutionListener@2f203ccd, org.springframework.boot.test.autoconfigure.web.client.MockRestServiceServerResetTestExecutionListener@53bf01b5, org.springframework.boot.test.autoconfigure.web.servlet.MockMvcPrintOnlyOnFailureTestExecutionListener@59ed84e1, org.springframework.boot.test.autoconfigure.web.servlet.WebDriverTestExecutionListener@72ac3c81, org.springframework.boot.test.mock.mockito.ResetMocksTestExecutionListener@5c44b04d]
15:16:16.312 [Test worker] DEBUG org.springframework.test.annotation.ProfileValueUtils - Retrieved @ProfileValueSourceConfiguration [null] for test class [enhancedLibrary.web.ControllerTest]
15:16:16.314 [Test worker] DEBUG org.springframework.test.annotation.ProfileValueUtils - Retrieved ProfileValueSource type [class org.springframework.test.annotation.SystemProfileValueSource] for class [enhancedLibrary.web.ControllerTest]
15:16:16.326 [Test worker] DEBUG org.springframework.test.annotation.ProfileValueUtils - Retrieved @ProfileValueSourceConfiguration [null] for test class [enhancedLibrary.web.ControllerTest]
15:16:16.326 [Test worker] DEBUG org.springframework.test.annotation.ProfileValueUtils - Retrieved ProfileValueSource type [class org.springframework.test.annotation.SystemProfileValueSource] for class [enhancedLibrary.web.ControllerTest]
15:16:16.328 [Test worker] DEBUG org.springframework.test.annotation.ProfileValueUtils - Retrieved @ProfileValueSourceConfiguration [null] for test class [enhancedLibrary.web.ControllerTest]
15:16:16.328 [Test worker] DEBUG org.springframework.test.annotation.ProfileValueUtils - Retrieved ProfileValueSource type [class org.springframework.test.annotation.SystemProfileValueSource] for class [enhancedLibrary.web.ControllerTest]
15:16:16.337 [Test worker] DEBUG org.springframework.test.context.support.AbstractDirtiesContextTestExecutionListener - Before test class: context [DefaultTestContext@131d8c7d testClass = ControllerTest, testInstance = [null], testMethod = [null], testException = [null], mergedContextConfiguration = [WebMergedContextConfiguration@60e126c4 testClass = ControllerTest, locations = '{}', classes = '{class enhancedLibrary.Application}', contextInitializerClasses = '[]', activeProfiles = '{}', propertySourceLocations = '{}', propertySourceProperties = '{org.springframework.boot.test.context.SpringBootTestContextBootstrapper=true, server.port=0}', contextCustomizers = set[org.springframework.boot.test.autoconfigure.properties.PropertyMappingContextCustomizer@0, org.springframework.boot.test.autoconfigure.web.servlet.WebDriverContextCustomizerFactory$Customizer@2664ab64, org.springframework.boot.test.context.filter.ExcludeFilterContextCustomizer@3cb78288, org.springframework.boot.test.json.DuplicateJsonObjectContextCustomizerFactory$DuplicateJsonObjectContextCustomizer@76a2f996, org.springframework.boot.test.mock.mockito.MockitoContextCustomizer@0, org.springframework.boot.test.web.client.TestRestTemplateContextCustomizer@d0fb8d5], resourceBasePath = 'src/main/webapp', contextLoader = 'org.springframework.boot.test.context.SpringBootContextLoader', parent = [null]], attributes = map['org.springframework.test.context.web.ServletTestExecutionListener.activateListener' -> false]], class annotated with @DirtiesContext [false] with mode [null].
15:16:16.340 [Test worker] DEBUG org.springframework.test.annotation.ProfileValueUtils - Retrieved @ProfileValueSourceConfiguration [null] for test class [enhancedLibrary.web.ControllerTest]
15:16:16.341 [Test worker] DEBUG org.springframework.test.annotation.ProfileValueUtils - Retrieved ProfileValueSource type [class org.springframework.test.annotation.SystemProfileValueSource] for class [enhancedLibrary.web.ControllerTest]
15:16:16.354 [Test worker] DEBUG org.springframework.test.context.support.DependencyInjectionTestExecutionListener - Performing dependency injection for test context [[DefaultTestContext@131d8c7d testClass = ControllerTest, testInstance = enhancedLibrary.web.ControllerTest@628276c2, testMethod = [null], testException = [null], mergedContextConfiguration = [WebMergedContextConfiguration@60e126c4 testClass = ControllerTest, locations = '{}', classes = '{class enhancedLibrary.Application}', contextInitializerClasses = '[]', activeProfiles = '{}', propertySourceLocations = '{}', propertySourceProperties = '{org.springframework.boot.test.context.SpringBootTestContextBootstrapper=true, server.port=0}', contextCustomizers = set[org.springframework.boot.test.autoconfigure.properties.PropertyMappingContextCustomizer@0, org.springframework.boot.test.autoconfigure.web.servlet.WebDriverContextCustomizerFactory$Customizer@2664ab64, org.springframework.boot.test.context.filter.ExcludeFilterContextCustomizer@3cb78288, org.springframework.boot.test.json.DuplicateJsonObjectContextCustomizerFactory$DuplicateJsonObjectContextCustomizer@76a2f996, org.springframework.boot.test.mock.mockito.MockitoContextCustomizer@0, org.springframework.boot.test.web.client.TestRestTemplateContextCustomizer@d0fb8d5], resourceBasePath = 'src/main/webapp', contextLoader = 'org.springframework.boot.test.context.SpringBootContextLoader', parent = [null]], attributes = map['org.springframework.test.context.web.ServletTestExecutionListener.activateListener' -> false]]].
15:16:16.402 [Test worker] DEBUG org.springframework.test.context.support.TestPropertySourceUtils - Adding inlined properties to environment: {spring.jmx.enabled=false, org.springframework.boot.test.context.SpringBootTestContextBootstrapper=true, server.port=0}

  .   ____          _            __ _ _
 /\\ / ___'_ __ _ _(_)_ __  __ _ \ \ \ \
( ( )\___ | '_ | '_| | '_ \/ _` | \ \ \ \
 \\/  ___)| |_)| | | | | || (_| |  ) ) ) )
  '  |____| .__|_| |_|_| |_\__, | / / / /
 =========|_|==============|___/=/_/_/_/
 :: Spring Boot ::        (v2.1.7.RELEASE)

2021-05-27 15:16:17.135  INFO 20280 --- [    Test worker] enhancedLibrary.web.ControllerTest       : Starting ControllerTest on DESKTOP-5DDHBRT with PID 20280 (started by BeobSikMoon in C:\Users\문법식\Desktop\개인공부\GitKraken\enhanced-library)
2021-05-27 15:16:17.138  INFO 20280 --- [    Test worker] enhancedLibrary.web.ControllerTest       : No active profile set, falling back to default profiles: default
2021-05-27 15:16:19.133  INFO 20280 --- [    Test worker] .s.d.r.c.RepositoryConfigurationDelegate : Bootstrapping Spring Data repositories in DEFAULT mode.
2021-05-27 15:16:19.305  INFO 20280 --- [    Test worker] .s.d.r.c.RepositoryConfigurationDelegate : Finished Spring Data repository scanning in 140ms. Found 2 repository interfaces.
2021-05-27 15:16:20.153  INFO 20280 --- [    Test worker] trationDelegate$BeanPostProcessorChecker : Bean 'org.springframework.transaction.annotation.ProxyTransactionManagementConfiguration' of type [org.springframework.transaction.annotation.ProxyTransactionManagementConfiguration$$EnhancerBySpringCGLIB$$561060d4] is not eligible for getting processed by all BeanPostProcessors (for example: not eligible for auto-proxying)
2021-05-27 15:16:21.103  INFO 20280 --- [    Test worker] o.s.b.w.embedded.tomcat.TomcatWebServer  : Tomcat initialized with port(s): 0 (http)
2021-05-27 15:16:21.166  INFO 20280 --- [    Test worker] o.apache.catalina.core.StandardService   : Starting service [Tomcat]
2021-05-27 15:16:21.166  INFO 20280 --- [    Test worker] org.apache.catalina.core.StandardEngine  : Starting Servlet engine: [Apache Tomcat/9.0.22]
2021-05-27 15:16:21.528  INFO 20280 --- [    Test worker] o.a.c.c.C.[Tomcat].[localhost].[/]       : Initializing Spring embedded WebApplicationContext
2021-05-27 15:16:21.528  INFO 20280 --- [    Test worker] o.s.web.context.ContextLoader            : Root WebApplicationContext: initialization completed in 4326 ms
2021-05-27 15:16:22.152  INFO 20280 --- [    Test worker] com.zaxxer.hikari.HikariDataSource       : HikariPool-1 - Starting...
2021-05-27 15:16:22.636  INFO 20280 --- [    Test worker] com.zaxxer.hikari.HikariDataSource       : HikariPool-1 - Start completed.
2021-05-27 15:16:22.874  INFO 20280 --- [    Test worker] o.hibernate.jpa.internal.util.LogHelper  : HHH000204: Processing PersistenceUnitInfo [
	name: default
	...]
2021-05-27 15:16:23.104  INFO 20280 --- [    Test worker] org.hibernate.Version                    : HHH000412: Hibernate Core {5.3.10.Final}
2021-05-27 15:16:23.120  INFO 20280 --- [    Test worker] org.hibernate.cfg.Environment            : HHH000206: hibernate.properties not found
2021-05-27 15:16:23.542  INFO 20280 --- [    Test worker] o.hibernate.annotations.common.Version   : HCANN000001: Hibernate Commons Annotations {5.0.4.Final}
2021-05-27 15:16:23.964  INFO 20280 --- [    Test worker] org.hibernate.dialect.Dialect            : HHH000400: Using dialect: org.hibernate.dialect.MySQL5InnoDBDialect
Hibernate: drop table if exists books
Hibernate: drop table if exists issues
Hibernate: create table books (book_id integer not null, author varchar(45) not null, book_type varchar(7) not null, description varchar(45) not null, ebook_file_path varchar(45) not null, image_path varchar(45) not null, issue_index integer, location varchar(45) not null, price integer, quantity integer not null, title varchar(45) not null, primary key (book_id)) engine=InnoDB
Hibernate: create table issues (issue_index integer not null auto_increment, book_id integer not null, calculated_fine integer not null, due_date varchar(255) not null, guest_id varchar(45) not null, overdue_state bit not null, start_date varchar(255) not null, primary key (issue_index)) engine=InnoDB
2021-05-27 15:16:25.460  INFO 20280 --- [    Test worker] o.h.t.schema.internal.SchemaCreatorImpl  : HHH000476: Executing import script 'org.hibernate.tool.schema.internal.exec.ScriptSourceInputNonExistentImpl@3eed458e'
2021-05-27 15:16:25.467  INFO 20280 --- [    Test worker] j.LocalContainerEntityManagerFactoryBean : Initialized JPA EntityManagerFactory for persistence unit 'default'
2021-05-27 15:16:26.171  INFO 20280 --- [    Test worker] o.h.h.i.QueryTranslatorFactoryInitiator  : HHH000397: Using ASTQueryTranslatorFactory
2021-05-27 15:16:27.607  INFO 20280 --- [    Test worker] o.s.s.concurrent.ThreadPoolTaskExecutor  : Initializing ExecutorService 'applicationTaskExecutor'
2021-05-27 15:16:27.756  WARN 20280 --- [    Test worker] aWebConfiguration$JpaWebMvcConfiguration : spring.jpa.open-in-view is enabled by default. Therefore, database queries may be performed during view rendering. Explicitly configure spring.jpa.open-in-view to disable this warning
2021-05-27 15:16:28.060  WARN 20280 --- [    Test worker] o.s.b.a.m.MustacheAutoConfiguration      : Cannot find template location: classpath:/templates/ (please add some templates, check your Mustache configuration, or set spring.mustache.check-template-location=false)
2021-05-27 15:16:28.627  INFO 20280 --- [    Test worker] o.s.b.w.embedded.tomcat.TomcatWebServer  : Tomcat started on port(s): 60251 (http) with context path ''
2021-05-27 15:16:28.632  INFO 20280 --- [    Test worker] enhancedLibrary.web.ControllerTest       : Started ControllerTest in 12.225 seconds (JVM running for 16.455)
Hibernate: select books0_.book_id as book_id1_0_0_, books0_.author as author2_0_0_, books0_.book_type as book_typ3_0_0_, books0_.description as descript4_0_0_, books0_.ebook_file_path as ebook_fi5_0_0_, books0_.image_path as image_pa6_0_0_, books0_.issue_index as issue_in7_0_0_, books0_.location as location8_0_0_, books0_.price as price9_0_0_, books0_.quantity as quantit10_0_0_, books0_.title as title11_0_0_ from books books0_ where books0_.book_id=?
Hibernate: insert into books (author, book_type, description, ebook_file_path, image_path, issue_index, location, price, quantity, title, book_id) values (?, ?, ?, ?, ?, ?, ?, ?, ?, ?, ?)
Hibernate: select books0_.book_id as book_id1_0_0_, books0_.author as author2_0_0_, books0_.book_type as book_typ3_0_0_, books0_.description as descript4_0_0_, books0_.ebook_file_path as ebook_fi5_0_0_, books0_.image_path as image_pa6_0_0_, books0_.issue_index as issue_in7_0_0_, books0_.location as location8_0_0_, books0_.price as price9_0_0_, books0_.quantity as quantit10_0_0_, books0_.title as title11_0_0_ from books books0_ where books0_.book_id=?
]]></system-out>
  <system-err><![CDATA[]]></system-err>
</testsuite>
